c:\users\jack bennett\documents\github\gearworksengine\project\gearworks\bin\build\release\intermediate\vc142.pdb
c:\users\jack bennett\documents\github\gearworksengine\project\gearworks\bin\build\release\intermediate\stb_image.obj
c:\users\jack bennett\documents\github\gearworksengine\project\gearworks\bin\build\release\intermediate\glad.obj
c:\users\jack bennett\documents\github\gearworksengine\project\gearworks\bin\build\release\intermediate\win32_application.obj
c:\users\jack bennett\documents\github\gearworksengine\project\gearworks\bin\build\release\intermediate\utility.obj
c:\users\jack bennett\documents\github\gearworksengine\project\gearworks\bin\build\release\intermediate\texture2d.obj
c:\users\jack bennett\documents\github\gearworksengine\project\gearworks\bin\build\release\intermediate\triangle.obj
c:\users\jack bennett\documents\github\gearworksengine\project\gearworks\bin\build\release\intermediate\rectangle.obj
c:\users\jack bennett\documents\github\gearworksengine\project\gearworks\bin\build\release\intermediate\shaderinterpreter.obj
c:\users\jack bennett\documents\github\gearworksengine\project\gearworks\bin\build\release\intermediate\engine.obj
c:\users\jack bennett\documents\github\gearworksengine\project\gearworks\bin\build\release\output\gearworksexecutable.exe
c:\users\jack bennett\documents\github\gearworksengine\project\gearworks\bin\build\release\intermediate\gearworksexecutable.ipdb
c:\users\jack bennett\documents\github\gearworksengine\project\gearworks\bin\build\release\intermediate\gearworksexecutable.iobj
c:\users\jack bennett\documents\github\gearworksengine\project\gearworks\bin\build\release\output\gearworksexecutable.pdb
c:\users\jack bennett\documents\github\gearworksengine\project\gearworks\bin\build\release\intermediate\gearworks.tlog\cl.command.1.tlog
c:\users\jack bennett\documents\github\gearworksengine\project\gearworks\bin\build\release\intermediate\gearworks.tlog\cl.read.1.tlog
c:\users\jack bennett\documents\github\gearworksengine\project\gearworks\bin\build\release\intermediate\gearworks.tlog\cl.write.1.tlog
c:\users\jack bennett\documents\github\gearworksengine\project\gearworks\bin\build\release\intermediate\gearworks.tlog\link.command.1.tlog
c:\users\jack bennett\documents\github\gearworksengine\project\gearworks\bin\build\release\intermediate\gearworks.tlog\link.read.1.tlog
c:\users\jack bennett\documents\github\gearworksengine\project\gearworks\bin\build\release\intermediate\gearworks.tlog\link.write.1.tlog
